<?xml version="1.0" encoding="UTF-8"?>
<!-- Generated by org.testng.reporters.JUnitReportReporter -->
<testsuite hostname="DESKTOP-N3S3FJH" failures="0" tests="7" name="valuesite.tests.ModificacionPinTestCliente" time="3.509" errors="0" timestamp="2024-04-22T14:40:29 CLT" skipped="0">
  <testcase classname="valuesite.tests.ModificacionPinTestCliente" name="vaciaCampo" time="0.260"/>
  <system-out/>
  <testcase classname="valuesite.tests.ModificacionPinTestCliente" name="ingresarPin" time="0.168"/>
  <system-out/>
  <testcase classname="valuesite.tests.ModificacionPinTestCliente" name="actualizaPin" time="0.527"/>
  <system-out/>
  <testcase classname="valuesite.tests.ModificacionPinTestCliente" name="actualizaSinDatos" time="0.210"/>
  <system-out/>
  <testcase classname="valuesite.tests.ModificacionPinTestCliente" name="actualizaConCaracteresEspeciales" time="1.873"/>
  <system-out/>
  <testcase classname="valuesite.tests.ModificacionPinTestCliente" name="limpiaCampo" time="0.235"/>
  <system-out/>
  <testcase classname="valuesite.tests.ModificacionPinTestCliente" name="ingresaCaracteresEspeciales" time="0.236"/>
  <system-out/>
</testsuite> <!-- valuesite.tests.ModificacionPinTestCliente -->
