<?xml version="1.0" encoding="UTF-8"?>
<!-- Generated by org.testng.reporters.JUnitReportReporter -->
<testsuite hostname="LaNave" failures="0" tests="6" name="valuesite.tests.MantenedorAreaTestRT" time="26.231" errors="0" timestamp="2024-05-29T16:57:11 EDT" skipped="0">
  <testcase classname="valuesite.tests.MantenedorAreaTestRT" name="nombreObligatorioTest" time="0.135"/>
  <system-out/>
  <testcase classname="valuesite.tests.MantenedorAreaTestRT" name="creaAreaActivaTest" time="4.235"/>
  <system-out/>
  <testcase classname="valuesite.tests.MantenedorAreaTestRT" name="creaAreaInactivaTest" time="4.467"/>
  <system-out/>
  <testcase classname="valuesite.tests.MantenedorAreaTestRT" name="modificaAreaTest" time="6.530"/>
  <system-out/>
  <testcase classname="valuesite.tests.MantenedorAreaTestRT" name="filtroNombreAreaTest" time="2.643"/>
  <system-out/>
  <testcase classname="valuesite.tests.MantenedorAreaTestRT" name="filtroEstadoAreaTest" time="8.221"/>
  <system-out/>
</testsuite> <!-- valuesite.tests.MantenedorAreaTestRT -->
