<?xml version="1.0" encoding="UTF-8"?>
<!-- Generated by org.testng.reporters.JUnitReportReporter -->
<testsuite hostname="LaNave" failures="0" tests="1" name="valuesite.tests.SucursalClienteTestCli" time="0.903" errors="0" timestamp="2024-06-07T18:05:21 EDT" skipped="0">
  <testcase classname="valuesite.tests.SucursalClienteTestCli" name="estadoCheck" time="0.903"/>
  <system-out/>
</testsuite> <!-- valuesite.tests.SucursalClienteTestCli -->
