<?xml version="1.0" encoding="UTF-8"?>
<!-- Generated by org.testng.reporters.JUnitReportReporter -->
<testsuite hostname="DESKTOP-LANAVE" failures="0" tests="5" name="valuesite.tests.ModificacionPinTestRT" time="0.844" errors="0" timestamp="2024-04-19T17:46:20 CLT" skipped="0">
  <testcase classname="valuesite.tests.ModificacionPinTestRT" name="actualizaPin" time="0.339"/>
  <system-out/>
  <testcase classname="valuesite.tests.ModificacionPinTestRT" name="actualizaSinDatos" time="0.083"/>
  <system-out/>
  <testcase classname="valuesite.tests.ModificacionPinTestRT" name="ingresarPin" time="0.089"/>
  <system-out/>
  <testcase classname="valuesite.tests.ModificacionPinTestRT" name="actualizaConCaracteresEspeciales" time="0.239"/>
  <system-out/>
  <testcase classname="valuesite.tests.ModificacionPinTestRT" name="vaciaCampo" time="0.094"/>
  <system-out/>
</testsuite> <!-- valuesite.tests.ModificacionPinTestRT -->
