<?xml version="1.0" encoding="UTF-8"?>
<!-- Generated by org.testng.reporters.JUnitReportReporter -->
<testsuite hostname="DESKTOP-N3S3FJH" failures="0" tests="8" name="valuesite.tests.MantenedorAreaTestCliente" time="70.157" errors="0" timestamp="2024-04-26T10:18:36 CLT" skipped="0">
  <testcase classname="valuesite.tests.MantenedorAreaTestCliente" name="nombreObligatorioTest" time="2.048"/>
  <system-out/>
  <testcase classname="valuesite.tests.MantenedorAreaTestCliente" name="clienteObligatorioTest" time="1.636"/>
  <system-out/>
  <testcase classname="valuesite.tests.MantenedorAreaTestCliente" name="creaAreaActivaTest" time="9.259"/>
  <system-out/>
  <testcase classname="valuesite.tests.MantenedorAreaTestCliente" name="creaAreaInactivaTest" time="12.584"/>
  <system-out/>
  <testcase classname="valuesite.tests.MantenedorAreaTestCliente" name="modificaAreaTest" time="20.942"/>
  <system-out/>
  <testcase classname="valuesite.tests.MantenedorAreaTestCliente" name="filtroNombreAreaTest" time="5.872"/>
  <system-out/>
  <testcase classname="valuesite.tests.MantenedorAreaTestCliente" name="filtroEstadoAreaTest" time="9.477"/>
  <system-out/>
  <testcase classname="valuesite.tests.MantenedorAreaTestCliente" name="selectClienteTest" time="8.339"/>
  <system-out/>
</testsuite> <!-- valuesite.tests.MantenedorAreaTestCliente -->
