<?xml version="1.0" encoding="UTF-8"?>
<!-- Generated by org.testng.reporters.JUnitReportReporter -->
<testsuite hostname="LaNave" failures="0" tests="7" name="valuesite.tests.ModificacionPinTestCliente" time="2.559" errors="0" timestamp="2024-06-07T16:45:21 EDT" skipped="0">
  <testcase classname="valuesite.tests.ModificacionPinTestCliente" name="vaciaCampo" time="0.134"/>
  <system-out/>
  <testcase classname="valuesite.tests.ModificacionPinTestCliente" name="ingresarPin" time="0.113"/>
  <system-out/>
  <testcase classname="valuesite.tests.ModificacionPinTestCliente" name="actualizaPin" time="0.349"/>
  <system-out/>
  <testcase classname="valuesite.tests.ModificacionPinTestCliente" name="actualizaSinDatos" time="0.105"/>
  <system-out/>
  <testcase classname="valuesite.tests.ModificacionPinTestCliente" name="actualizaConCaracteresEspeciales" time="1.578"/>
  <system-out/>
  <testcase classname="valuesite.tests.ModificacionPinTestCliente" name="limpiaCampo" time="0.149"/>
  <system-out/>
  <testcase classname="valuesite.tests.ModificacionPinTestCliente" name="ingresaCaracteresEspeciales" time="0.131"/>
  <system-out/>
</testsuite> <!-- valuesite.tests.ModificacionPinTestCliente -->
