<?xml version="1.0" encoding="UTF-8"?>
<!-- Generated by org.testng.reporters.JUnitReportReporter -->
<<<<<<< HEAD
<testsuite hostname="DESKTOP-LANAVE" failures="1" tests="6" name="valuesite.tests.ModificacionPinTestRT" time="13.815" errors="0" timestamp="2024-04-22T11:42:47 CLT" skipped="0">
  <testcase classname="valuesite.tests.ModificacionPinTestRT" name="vaciaCampo" time="0.106"/>
  <system-out/>
  <testcase classname="valuesite.tests.ModificacionPinTestRT" name="ingresarPin" time="0.099"/>
  <system-out/>
  <testcase classname="valuesite.tests.ModificacionPinTestRT" name="actualizaPin" time="0.342"/>
  <system-out/>
  <testcase classname="valuesite.tests.ModificacionPinTestRT" name="actualizaSinDatos" time="0.100"/>
  <system-out/>
  <testcase classname="valuesite.tests.ModificacionPinTestRT" name="actualizaConCaracteresEspeciales" time="13.050"/>
  <system-out/>
  <testcase classname="valuesite.tests.ModificacionPinTestRT" name="limpiaCampo" time="0.118">
=======
<testsuite hostname="DESKTOP-N3S3FJH" failures="1" tests="6" name="valuesite.tests.ModificacionPinTestRT" time="3.138" errors="0" timestamp="2024-04-22T14:40:29 CLT" skipped="0">
  <testcase classname="valuesite.tests.ModificacionPinTestRT" name="vaciaCampo" time="0.357"/>
  <system-out/>
  <testcase classname="valuesite.tests.ModificacionPinTestRT" name="ingresarPin" time="0.202"/>
  <system-out/>
  <testcase classname="valuesite.tests.ModificacionPinTestRT" name="actualizaPin" time="0.514"/>
  <system-out/>
  <testcase classname="valuesite.tests.ModificacionPinTestRT" name="actualizaSinDatos" time="0.217"/>
  <system-out/>
  <testcase classname="valuesite.tests.ModificacionPinTestRT" name="actualizaConCaracteresEspeciales" time="1.589"/>
  <system-out/>
  <testcase classname="valuesite.tests.ModificacionPinTestRT" name="limpiaCampo" time="0.259">
>>>>>>> 86a07b429fb625b6ec54e377a84c7aa55da0d3a4
    <failure message="expected [true] but found [false]" type="java.lang.AssertionError">
      <![CDATA[java.lang.AssertionError: expected [true] but found [false]
at org.testng.Assert.fail(Assert.java:99)
at org.testng.Assert.failNotEquals(Assert.java:1037)
at org.testng.Assert.assertTrue(Assert.java:45)
at org.testng.Assert.assertTrue(Assert.java:55)
at valuesite.tests.ModificacionPinTestRT.limpiaCampo(ModificacionPinTestRT.java:169)
at java.base/jdk.internal.reflect.NativeMethodAccessorImpl.invoke0(Native Method)
at java.base/jdk.internal.reflect.NativeMethodAccessorImpl.invoke(NativeMethodAccessorImpl.java:77)
at java.base/jdk.internal.reflect.DelegatingMethodAccessorImpl.invoke(DelegatingMethodAccessorImpl.java:43)
at java.base/java.lang.reflect.Method.invoke(Method.java:568)
at org.testng.internal.MethodInvocationHelper.invokeMethod(MethodInvocationHelper.java:133)
at org.testng.internal.TestInvoker.invokeMethod(TestInvoker.java:598)
at org.testng.internal.TestInvoker.invokeTestMethod(TestInvoker.java:173)
at org.testng.internal.MethodRunner.runInSequence(MethodRunner.java:46)
at org.testng.internal.TestInvoker$MethodInvocationAgent.invoke(TestInvoker.java:824)
at org.testng.internal.TestInvoker.invokeTestMethods(TestInvoker.java:146)
at org.testng.internal.TestMethodWorker.invokeTestMethods(TestMethodWorker.java:146)
at org.testng.internal.TestMethodWorker.run(TestMethodWorker.java:128)
at java.base/java.util.ArrayList.forEach(ArrayList.java:1511)
at org.testng.TestRunner.privateRun(TestRunner.java:794)
at org.testng.TestRunner.run(TestRunner.java:596)
at org.testng.SuiteRunner.runTest(SuiteRunner.java:377)
at org.testng.SuiteRunner.runSequentially(SuiteRunner.java:371)
at org.testng.SuiteRunner.privateRun(SuiteRunner.java:332)
at org.testng.SuiteRunner.run(SuiteRunner.java:276)
at org.testng.SuiteRunnerWorker.runSuite(SuiteRunnerWorker.java:53)
at org.testng.SuiteRunnerWorker.run(SuiteRunnerWorker.java:96)
at org.testng.TestNG.runSuitesSequentially(TestNG.java:1212)
at org.testng.TestNG.runSuitesLocally(TestNG.java:1134)
at org.testng.TestNG.runSuites(TestNG.java:1063)
at org.testng.TestNG.run(TestNG.java:1031)
at org.testng.remote.AbstractRemoteTestNG.run(AbstractRemoteTestNG.java:115)
at org.testng.remote.RemoteTestNG.initAndRun(RemoteTestNG.java:293)
at org.testng.remote.RemoteTestNG.main(RemoteTestNG.java:91)
]]>
    </failure>
  </testcase> <!-- limpiaCampo -->
  <system-out/>
</testsuite> <!-- valuesite.tests.ModificacionPinTestRT -->
