<?xml version="1.0" encoding="UTF-8"?>
<!-- Generated by org.testng.reporters.JUnitReportReporter -->
<testsuite hostname="LaNave" failures="0" tests="7" name="valuesite.tests.SucursalClienteTestRT" time="26.534" errors="0" timestamp="2024-06-07T17:35:54 EDT" skipped="0">
  <testcase classname="valuesite.tests.SucursalClienteTestRT" name="limpiaCampoNombre" time="0.212"/>
  <system-out/>
  <testcase classname="valuesite.tests.SucursalClienteTestRT" name="limpiaCampoDireccion" time="0.955"/>
  <system-out/>
  <testcase classname="valuesite.tests.SucursalClienteTestRT" name="nombreObligatorio" time="1.452"/>
  <system-out/>
  <testcase classname="valuesite.tests.SucursalClienteTestRT" name="direccionObligatorio" time="4.950"/>
  <system-out/>
  <testcase classname="valuesite.tests.SucursalClienteTestRT" name="creaSucursal" time="5.230"/>
  <system-out/>
  <testcase classname="valuesite.tests.SucursalClienteTestRT" name="modificarSucursal" time="13.147"/>
  <system-out/>
  <testcase classname="valuesite.tests.SucursalClienteTestRT" name="filtroNombre" time="0.588"/>
  <system-out/>
</testsuite> <!-- valuesite.tests.SucursalClienteTestRT -->
