<?xml version="1.0" encoding="UTF-8"?>
<!-- Generated by org.testng.reporters.JUnitReportReporter -->
<testsuite hostname="LaNave" failures="0" tests="10" name="valuesite.tests.SucursalTestRT" time="47.179" errors="0" timestamp="2024-05-29T16:57:11 EDT" skipped="0">
  <testcase classname="valuesite.tests.SucursalTestRT" name="limpiaCampoNombre" time="0.217"/>
  <system-out/>
  <testcase classname="valuesite.tests.SucursalTestRT" name="limpiaSelectCiudad" time="0.219"/>
  <system-out/>
  <testcase classname="valuesite.tests.SucursalTestRT" name="limpiaCampoDireccion" time="0.923"/>
  <system-out/>
  <testcase classname="valuesite.tests.SucursalTestRT" name="nombreObligatorio" time="1.617"/>
  <system-out/>
  <testcase classname="valuesite.tests.SucursalTestRT" name="ciudadObligatorio" time="2.076"/>
  <system-out/>
  <testcase classname="valuesite.tests.SucursalTestRT" name="direccionObligatorio" time="1.377"/>
  <system-out/>
  <testcase classname="valuesite.tests.SucursalTestRT" name="creaSucursal" time="13.178"/>
  <system-out/>
  <testcase classname="valuesite.tests.SucursalTestRT" name="visibilidadConvenio" time="12.742"/>
  <system-out/>
  <testcase classname="valuesite.tests.SucursalTestRT" name="modificarSucursal" time="14.222"/>
  <system-out/>
  <testcase classname="valuesite.tests.SucursalTestRT" name="filtroNombre" time="0.608"/>
  <system-out/>
</testsuite> <!-- valuesite.tests.SucursalTestRT -->
