<?xml version="1.0" encoding="UTF-8"?>
<!-- Generated by org.testng.reporters.JUnitReportReporter -->
<testsuite hostname="DESKTOP-N3S3FJH" failures="0" tests="6" name="valuesite.tests.MantenedorAreaTestCliente" time="55.278" errors="0" timestamp="2024-04-23T18:24:31 CLT" skipped="0">
  <testcase classname="valuesite.tests.MantenedorAreaTestCliente" name="nombreObligatorioTest" time="0.306"/>
  <system-out/>
  <testcase classname="valuesite.tests.MantenedorAreaTestCliente" name="creaAreaActivaTest" time="8.321"/>
  <system-out/>
  <testcase classname="valuesite.tests.MantenedorAreaTestCliente" name="creaAreaInactivaTest" time="11.453"/>
  <system-out/>
  <testcase classname="valuesite.tests.MantenedorAreaTestCliente" name="modificaAreaTest" time="20.613"/>
  <system-out/>
  <testcase classname="valuesite.tests.MantenedorAreaTestCliente" name="filtroNombreAreaTest" time="5.236"/>
  <system-out/>
  <testcase classname="valuesite.tests.MantenedorAreaTestCliente" name="filtroEstadoAreaTest" time="9.349"/>
  <system-out/>
</testsuite> <!-- valuesite.tests.MantenedorAreaTestCliente -->
