<?xml version="1.0" encoding="UTF-8"?>
<!-- Generated by org.testng.reporters.JUnitReportReporter -->
<testsuite hostname="DESKTOP-N3S3FJH" failures="0" tests="6" name="valuesite.tests.MantenedorAreaTestRT" time="28.301" errors="0" timestamp="2024-04-24T17:48:18 CLT" skipped="0">
  <testcase classname="valuesite.tests.MantenedorAreaTestRT" name="nombreObligatorioTest" time="0.220"/>
  <system-out/>
  <testcase classname="valuesite.tests.MantenedorAreaTestRT" name="creaAreaActivaTest" time="4.384"/>
  <system-out/>
  <testcase classname="valuesite.tests.MantenedorAreaTestRT" name="creaAreaInactivaTest" time="4.623"/>
  <system-out/>
  <testcase classname="valuesite.tests.MantenedorAreaTestRT" name="modificaAreaTest" time="7.104"/>
  <system-out/>
  <testcase classname="valuesite.tests.MantenedorAreaTestRT" name="filtroNombreAreaTest" time="2.929"/>
  <system-out/>
  <testcase classname="valuesite.tests.MantenedorAreaTestRT" name="filtroEstadoAreaTest" time="9.041"/>
  <system-out/>
</testsuite> <!-- valuesite.tests.MantenedorAreaTestRT -->
