<?xml version="1.0" encoding="UTF-8"?>
<!-- Generated by org.testng.reporters.JUnitReportReporter -->
<testsuite hostname="DESKTOP-LANAVE" failures="0" tests="7" name="valuesite.tests.ModificacionPinTestCliente" time="2.362" errors="0" timestamp="2024-04-26T14:56:49 CLT" skipped="0">
  <testcase classname="valuesite.tests.ModificacionPinTestCliente" name="vaciaCampo" time="0.114"/>
  <system-out/>
  <testcase classname="valuesite.tests.ModificacionPinTestCliente" name="ingresarPin" time="0.089"/>
  <system-out/>
  <testcase classname="valuesite.tests.ModificacionPinTestCliente" name="actualizaPin" time="0.326"/>
  <system-out/>
  <testcase classname="valuesite.tests.ModificacionPinTestCliente" name="actualizaSinDatos" time="0.079"/>
  <system-out/>
  <testcase classname="valuesite.tests.ModificacionPinTestCliente" name="actualizaConCaracteresEspeciales" time="1.529"/>
  <system-out/>
  <testcase classname="valuesite.tests.ModificacionPinTestCliente" name="limpiaCampo" time="0.114"/>
  <system-out/>
  <testcase classname="valuesite.tests.ModificacionPinTestCliente" name="ingresaCaracteresEspeciales" time="0.111"/>
  <system-out/>
</testsuite> <!-- valuesite.tests.ModificacionPinTestCliente -->
