<?xml version="1.0" encoding="UTF-8"?>
<!-- Generated by org.testng.reporters.JUnitReportReporter -->
<testsuite hostname="LaNave" failures="0" tests="1" name="valuesite.tests.SucursalTestRT" time="7.730" errors="0" timestamp="2024-05-22T10:58:30 EDT" skipped="0">
  <testcase classname="valuesite.tests.SucursalTestRT" name="creaSucursal" time="7.730"/>
  <system-out/>
</testsuite> <!-- valuesite.tests.SucursalTestRT -->
