<?xml version="1.0" encoding="UTF-8"?>
<!-- Generated by org.testng.reporters.JUnitReportReporter -->
<testsuite hostname="LaNave" failures="0" tests="6" name="valuesite.tests.MantenedorAreaTestRT" time="25.920" errors="0" timestamp="2024-06-07T16:45:21 EDT" skipped="0">
  <testcase classname="valuesite.tests.MantenedorAreaTestRT" name="nombreObligatorioTest" time="0.128"/>
  <system-out/>
  <testcase classname="valuesite.tests.MantenedorAreaTestRT" name="creaAreaActivaTest" time="4.197"/>
  <system-out/>
  <testcase classname="valuesite.tests.MantenedorAreaTestRT" name="creaAreaInactivaTest" time="4.477"/>
  <system-out/>
  <testcase classname="valuesite.tests.MantenedorAreaTestRT" name="modificaAreaTest" time="6.419"/>
  <system-out/>
  <testcase classname="valuesite.tests.MantenedorAreaTestRT" name="filtroNombreAreaTest" time="2.576"/>
  <system-out/>
  <testcase classname="valuesite.tests.MantenedorAreaTestRT" name="filtroEstadoAreaTest" time="8.123"/>
  <system-out/>
</testsuite> <!-- valuesite.tests.MantenedorAreaTestRT -->
