<?xml version="1.0" encoding="UTF-8"?>
<!-- Generated by org.testng.reporters.JUnitReportReporter -->
<testsuite hostname="DESKTOP-LANAVE" failures="0" tests="7" name="valuesite.tests.ModificacionPinTestCliente" time="13.897" errors="0" timestamp="2024-04-22T11:42:47 CLT" skipped="0">
  <testcase classname="valuesite.tests.ModificacionPinTestCliente" name="vaciaCampo" time="0.112"/>
  <system-out/>
  <testcase classname="valuesite.tests.ModificacionPinTestCliente" name="ingresarPin" time="0.088"/>
  <system-out/>
  <testcase classname="valuesite.tests.ModificacionPinTestCliente" name="actualizaPin" time="0.329"/>
  <system-out/>
  <testcase classname="valuesite.tests.ModificacionPinTestCliente" name="actualizaSinDatos" time="0.084"/>
  <system-out/>
  <testcase classname="valuesite.tests.ModificacionPinTestCliente" name="actualizaConCaracteresEspeciales" time="13.064"/>
  <system-out/>
  <testcase classname="valuesite.tests.ModificacionPinTestCliente" name="limpiaCampo" time="0.113"/>
  <system-out/>
  <testcase classname="valuesite.tests.ModificacionPinTestCliente" name="ingresaCaracteresEspeciales" time="0.107"/>
  <system-out/>
</testsuite> <!-- valuesite.tests.ModificacionPinTestCliente -->
