<?xml version="1.0" encoding="UTF-8"?>
<!-- Generated by org.testng.reporters.JUnitReportReporter -->
<testsuite hostname="LaNave" failures="0" tests="8" name="valuesite.tests.MantenedorAreaTestCliente" time="72.042" errors="0" timestamp="2024-05-29T16:23:32 EDT" skipped="0">
  <testcase classname="valuesite.tests.MantenedorAreaTestCliente" name="nombreObligatorioTest" time="3.630"/>
  <system-out/>
  <testcase classname="valuesite.tests.MantenedorAreaTestCliente" name="clienteObligatorioTest" time="3.012"/>
  <system-out/>
  <testcase classname="valuesite.tests.MantenedorAreaTestCliente" name="creaAreaActivaTest" time="13.613"/>
  <system-out/>
  <testcase classname="valuesite.tests.MantenedorAreaTestCliente" name="creaAreaInactivaTest" time="13.732"/>
  <system-out/>
  <testcase classname="valuesite.tests.MantenedorAreaTestCliente" name="modificaAreaTest" time="19.508"/>
  <system-out/>
  <testcase classname="valuesite.tests.MantenedorAreaTestCliente" name="filtroNombreAreaTest" time="7.739"/>
  <system-out/>
  <testcase classname="valuesite.tests.MantenedorAreaTestCliente" name="filtroEstadoAreaTest" time="7.800"/>
  <system-out/>
  <testcase classname="valuesite.tests.MantenedorAreaTestCliente" name="selectClienteTest" time="3.008"/>
  <system-out/>
</testsuite> <!-- valuesite.tests.MantenedorAreaTestCliente -->
