<?xml version="1.0" encoding="UTF-8"?>
<!-- Generated by org.testng.reporters.JUnitReportReporter -->
<testsuite hostname="DESKTOP-LANAVE" failures="0" tests="9" name="valuesite.tests.MantenedorAreaTestCliente" time="3.061" errors="1" timestamp="2024-04-26T15:30:47 CLT" skipped="8">
  <testcase classname="valuesite.tests.MantenedorAreaTestCliente" name="ingresaMantenedor" time="3.061">
    <error message="element click intercepted: Element &lt;button id=&quot;btnLoginModal&quot; class=&quot;btn-turquoise-ds font-size-16&quot; type=&quot;submit&quot;&gt;...&lt;/button&gt; is not clickable at point (960, 397). Other element would receive the click: &lt;div class=&quot;modal fade right show&quot; id=&quot;ErrorActualizar&quot; tabindex=&quot;-1&quot; role=&quot;dialog&quot; aria-labelledby=&quot;myModalLabel&quot; style=&quot;z-index: 999999; display: block;&quot; aria-modal=&quot;true&quot;&gt;...&lt;/div&gt;
  (Session info: chrome=124.0.6367.91)
Build info: version: &#039;4.19.1&#039;, revision: &#039;abe0ee07dc&#039;
System info: os.name: &#039;Windows 10&#039;, os.arch: &#039;amd64&#039;, os.version: &#039;10.0&#039;, java.version: &#039;21&#039;
Driver info: org.openqa.selenium.chrome.ChromeDriver
Command: [a5cd69cf5778f5bdb7028b97e40634cf, clickElement {id=f.53846E231A81CEB06A9D560DBFE96F6F.d.F157525C4B9E92B6F2CE21E27279E6D8.e.13}]
Capabilities {acceptInsecureCerts: false, browserName: chrome, browserVersion: 124.0.6367.91, chrome: {chromedriverVersion: 124.0.6367.91 (51df0e5e17a8..., userDataDir: C:\Users\Felip\AppData\Loca...}, fedcm:accounts: true, goog:chromeOptions: {debuggerAddress: localhost:60925}, networkConnectionEnabled: false, pageLoadStrategy: normal, platformName: windows, proxy: Proxy(), se:cdp: ws://localhost:60925/devtoo..., se:cdpVersion: 124.0.6367.91, setWindowRect: true, strictFileInteractability: false, timeouts: {implicit: 0, pageLoad: 300000, script: 30000}, unhandledPromptBehavior: dismiss and notify, webauthn:extension:credBlob: true, webauthn:extension:largeBlob: true, webauthn:extension:minPinLength: true, webauthn:extension:prf: true, webauthn:virtualAuthenticators: true}
Element: [[ChromeDriver: chrome on windows (a5cd69cf5778f5bdb7028b97e40634cf)] -&gt; id: btnLoginModal]
Session ID: a5cd69cf5778f5bdb7028b97e40634cf" type="org.openqa.selenium.ElementClickInterceptedException">
      <![CDATA[org.openqa.selenium.ElementClickInterceptedException: element click intercepted: Element <button id="btnLoginModal" class="btn-turquoise-ds font-size-16" type="submit">...</button> is not clickable at point (960, 397). Other element would receive the click: <div class="modal fade right show" id="ErrorActualizar" tabindex="-1" role="dialog" aria-labelledby="myModalLabel" style="z-index: 999999; display: block;" aria-modal="true">...</div>
  (Session info: chrome=124.0.6367.91)
Build info: version: '4.19.1', revision: 'abe0ee07dc'
System info: os.name: 'Windows 10', os.arch: 'amd64', os.version: '10.0', java.version: '21'
Driver info: org.openqa.selenium.chrome.ChromeDriver
Command: [a5cd69cf5778f5bdb7028b97e40634cf, clickElement {id=f.53846E231A81CEB06A9D560DBFE96F6F.d.F157525C4B9E92B6F2CE21E27279E6D8.e.13}]
Capabilities {acceptInsecureCerts: false, browserName: chrome, browserVersion: 124.0.6367.91, chrome: {chromedriverVersion: 124.0.6367.91 (51df0e5e17a8..., userDataDir: C:\Users\Felip\AppData\Loca...}, fedcm:accounts: true, goog:chromeOptions: {debuggerAddress: localhost:60925}, networkConnectionEnabled: false, pageLoadStrategy: normal, platformName: windows, proxy: Proxy(), se:cdp: ws://localhost:60925/devtoo..., se:cdpVersion: 124.0.6367.91, setWindowRect: true, strictFileInteractability: false, timeouts: {implicit: 0, pageLoad: 300000, script: 30000}, unhandledPromptBehavior: dismiss and notify, webauthn:extension:credBlob: true, webauthn:extension:largeBlob: true, webauthn:extension:minPinLength: true, webauthn:extension:prf: true, webauthn:virtualAuthenticators: true}
Element: [[ChromeDriver: chrome on windows (a5cd69cf5778f5bdb7028b97e40634cf)] -> id: btnLoginModal]
Session ID: a5cd69cf5778f5bdb7028b97e40634cf
at java.base/jdk.internal.reflect.DirectConstructorHandleAccessor.newInstance(DirectConstructorHandleAccessor.java:62)
at java.base/java.lang.reflect.Constructor.newInstanceWithCaller(Constructor.java:502)
at java.base/java.lang.reflect.Constructor.newInstance(Constructor.java:486)
at org.openqa.selenium.remote.ErrorCodec.decode(ErrorCodec.java:167)
at org.openqa.selenium.remote.codec.w3c.W3CHttpResponseCodec.decode(W3CHttpResponseCodec.java:138)
at org.openqa.selenium.remote.codec.w3c.W3CHttpResponseCodec.decode(W3CHttpResponseCodec.java:50)
at org.openqa.selenium.remote.HttpCommandExecutor.execute(HttpCommandExecutor.java:190)
at org.openqa.selenium.remote.service.DriverCommandExecutor.invokeExecute(DriverCommandExecutor.java:216)
at org.openqa.selenium.remote.service.DriverCommandExecutor.execute(DriverCommandExecutor.java:174)
at org.openqa.selenium.remote.RemoteWebDriver.execute(RemoteWebDriver.java:518)
at org.openqa.selenium.remote.RemoteWebElement.execute(RemoteWebElement.java:223)
at org.openqa.selenium.remote.RemoteWebElement.click(RemoteWebElement.java:76)
at java.base/jdk.internal.reflect.DirectMethodHandleAccessor.invoke(DirectMethodHandleAccessor.java:103)
at java.base/java.lang.reflect.Method.invoke(Method.java:580)
at org.openqa.selenium.support.pagefactory.internal.LocatingElementHandler.invoke(LocatingElementHandler.java:51)
at jdk.proxy2/jdk.proxy2.$Proxy15.click(Unknown Source)
at valuesite.pageobjects.Login.iniciarSesion(Login.java:45)
at valuesite.tests.MantenedorAreaTestCliente.ingresaMantenedor(MantenedorAreaTestCliente.java:33)
at java.base/jdk.internal.reflect.DirectMethodHandleAccessor.invoke(DirectMethodHandleAccessor.java:103)
at java.base/java.lang.reflect.Method.invoke(Method.java:580)
at org.testng.internal.MethodInvocationHelper.invokeMethod(MethodInvocationHelper.java:133)
at org.testng.internal.MethodInvocationHelper.invokeMethodConsideringTimeout(MethodInvocationHelper.java:62)
at org.testng.internal.ConfigInvoker.invokeConfigurationMethod(ConfigInvoker.java:385)
at org.testng.internal.ConfigInvoker.invokeConfigurations(ConfigInvoker.java:321)
at org.testng.internal.TestMethodWorker.invokeBeforeClassMethods(TestMethodWorker.java:176)
at org.testng.internal.TestMethodWorker.run(TestMethodWorker.java:122)
at java.base/java.util.ArrayList.forEach(ArrayList.java:1596)
at org.testng.TestRunner.privateRun(TestRunner.java:794)
at org.testng.TestRunner.run(TestRunner.java:596)
at org.testng.SuiteRunner.runTest(SuiteRunner.java:377)
at org.testng.SuiteRunner.access$000(SuiteRunner.java:28)
at org.testng.SuiteRunner$SuiteWorker.run(SuiteRunner.java:418)
at org.testng.internal.thread.ThreadUtil.lambda$execute$0(ThreadUtil.java:64)
at java.base/java.util.concurrent.FutureTask.run(FutureTask.java:317)
at java.base/java.util.concurrent.ThreadPoolExecutor.runWorker(ThreadPoolExecutor.java:1144)
at java.base/java.util.concurrent.ThreadPoolExecutor$Worker.run(ThreadPoolExecutor.java:642)
at java.base/java.lang.Thread.run(Thread.java:1583)
]]>
    </error>
  </testcase> <!-- ingresaMantenedor -->
  <system-out/>
  <testcase classname="valuesite.tests.MantenedorAreaTestCliente" name="nombreObligatorioTest" time="0.000">
    <skipped/>
  </testcase> <!-- nombreObligatorioTest -->
  <system-out/>
  <testcase classname="valuesite.tests.MantenedorAreaTestCliente" name="clienteObligatorioTest" time="0.000">
    <skipped/>
  </testcase> <!-- clienteObligatorioTest -->
  <system-out/>
  <testcase classname="valuesite.tests.MantenedorAreaTestCliente" name="creaAreaActivaTest" time="0.000">
    <skipped/>
  </testcase> <!-- creaAreaActivaTest -->
  <system-out/>
  <testcase classname="valuesite.tests.MantenedorAreaTestCliente" name="creaAreaInactivaTest" time="0.000">
    <skipped/>
  </testcase> <!-- creaAreaInactivaTest -->
  <system-out/>
  <testcase classname="valuesite.tests.MantenedorAreaTestCliente" name="modificaAreaTest" time="0.000">
    <skipped/>
  </testcase> <!-- modificaAreaTest -->
  <system-out/>
  <testcase classname="valuesite.tests.MantenedorAreaTestCliente" name="filtroNombreAreaTest" time="0.000">
    <skipped/>
  </testcase> <!-- filtroNombreAreaTest -->
  <system-out/>
  <testcase classname="valuesite.tests.MantenedorAreaTestCliente" name="filtroEstadoAreaTest" time="0.000">
    <skipped/>
  </testcase> <!-- filtroEstadoAreaTest -->
  <system-out/>
  <testcase classname="valuesite.tests.MantenedorAreaTestCliente" name="selectClienteTest" time="0.000">
    <skipped/>
  </testcase> <!-- selectClienteTest -->
  <system-out/>
</testsuite> <!-- valuesite.tests.MantenedorAreaTestCliente -->
