<?xml version="1.0" encoding="UTF-8"?>
<!-- Generated by org.testng.reporters.JUnitReportReporter -->
<testsuite hostname="LaNave" failures="0" tests="8" name="valuesite.tests.SucursalClienteTestCli" time="69.913" errors="0" timestamp="2024-07-22T16:39:30 EDT" skipped="0">
  <testcase classname="valuesite.tests.SucursalClienteTestCli" name="limpiaCampoNombre" time="1.133"/>
  <system-out/>
  <testcase classname="valuesite.tests.SucursalClienteTestCli" name="limpiaCampoDireccion" time="0.858"/>
  <system-out/>
  <testcase classname="valuesite.tests.SucursalClienteTestCli" name="nombreObligatorio" time="2.344"/>
  <system-out/>
  <testcase classname="valuesite.tests.SucursalClienteTestCli" name="direccionObligatorio" time="3.039"/>
  <system-out/>
  <testcase classname="valuesite.tests.SucursalClienteTestCli" name="creaSucursal" time="25.075"/>
  <system-out/>
  <testcase classname="valuesite.tests.SucursalClienteTestCli" name="modificarSucursal" time="31.970"/>
  <system-out/>
  <testcase classname="valuesite.tests.SucursalClienteTestCli" name="filtroNombre" time="3.422"/>
  <system-out/>
  <testcase classname="valuesite.tests.SucursalClienteTestCli" name="filtroEstado" time="2.072"/>
  <system-out/>
</testsuite> <!-- valuesite.tests.SucursalClienteTestCli -->
