<?xml version="1.0" encoding="UTF-8"?>
<!-- Generated by org.testng.reporters.JUnitReportReporter -->
<testsuite hostname="DESKTOP-LANAVE" failures="0" tests="8" name="valuesite.tests.MantenedorAreaTestCliente" time="63.023" errors="0" timestamp="2024-04-29T11:46:32 CLT" skipped="0">
  <testcase classname="valuesite.tests.MantenedorAreaTestCliente" name="nombreObligatorioTest" time="1.643"/>
  <system-out/>
  <testcase classname="valuesite.tests.MantenedorAreaTestCliente" name="clienteObligatorioTest" time="0.787"/>
  <system-out/>
  <testcase classname="valuesite.tests.MantenedorAreaTestCliente" name="creaAreaActivaTest" time="8.593"/>
  <system-out/>
  <testcase classname="valuesite.tests.MantenedorAreaTestCliente" name="creaAreaInactivaTest" time="11.659"/>
  <system-out/>
  <testcase classname="valuesite.tests.MantenedorAreaTestCliente" name="modificaAreaTest" time="19.212"/>
  <system-out/>
  <testcase classname="valuesite.tests.MantenedorAreaTestCliente" name="filtroNombreAreaTest" time="5.213"/>
  <system-out/>
  <testcase classname="valuesite.tests.MantenedorAreaTestCliente" name="filtroEstadoAreaTest" time="7.668"/>
  <system-out/>
  <testcase classname="valuesite.tests.MantenedorAreaTestCliente" name="selectClienteTest" time="8.248"/>
  <system-out/>
</testsuite> <!-- valuesite.tests.MantenedorAreaTestCliente -->
