<?xml version="1.0" encoding="UTF-8"?>
<!-- Generated by org.testng.reporters.JUnitReportReporter -->
<testsuite hostname="DESKTOP-22PJE9D" failures="0" tests="6" name="valuesite.tests.MantenedorAreaRT" time="25.084" errors="0" timestamp="2024-04-04T18:12:49 CLST" skipped="0">
  <testcase classname="valuesite.tests.MantenedorAreaRT" name="nombreObligatorioTest" time="0.123"/>
  <system-out/>
  <testcase classname="valuesite.tests.MantenedorAreaRT" name="creaAreaActivaTest" time="4.656"/>
  <system-out/>
  <testcase classname="valuesite.tests.MantenedorAreaRT" name="creaAreaInactivaTest" time="4.538"/>
  <system-out/>
  <testcase classname="valuesite.tests.MantenedorAreaRT" name="modificaAreaTest" time="6.588"/>
  <system-out/>
  <testcase classname="valuesite.tests.MantenedorAreaRT" name="filtroNombreAreaTest" time="1.986"/>
  <system-out/>
  <testcase classname="valuesite.tests.MantenedorAreaRT" name="filtroEstadoAreaTest" time="7.193"/>
  <system-out/>
</testsuite> <!-- valuesite.tests.MantenedorAreaRT -->
