<?xml version="1.0" encoding="UTF-8"?>
<!-- Generated by org.testng.reporters.JUnitReportReporter -->
<testsuite hostname="LaNave" failures="0" tests="1" name="valuesite.tests.SucursalTestRT" time="0.344" errors="0" timestamp="2024-05-24T18:13:12 EDT" skipped="0">
  <testcase classname="valuesite.tests.SucursalTestRT" name="filtroNombre" time="0.344"/>
  <system-out/>
</testsuite> <!-- valuesite.tests.SucursalTestRT -->
