<?xml version="1.0" encoding="UTF-8"?>
<!-- Generated by org.testng.reporters.JUnitReportReporter -->
<testsuite hostname="DESKTOP-N3S3FJH" failures="0" tests="7" name="valuesite.tests.ModificacionPinTestCliente" time="3.737" errors="0" timestamp="2024-05-03T11:12:06 CLT" skipped="0">
  <testcase classname="valuesite.tests.ModificacionPinTestCliente" name="vaciaCampo" time="0.261"/>
  <system-out/>
  <testcase classname="valuesite.tests.ModificacionPinTestCliente" name="ingresarPin" time="0.161"/>
  <system-out/>
  <testcase classname="valuesite.tests.ModificacionPinTestCliente" name="actualizaPin" time="0.496"/>
  <system-out/>
  <testcase classname="valuesite.tests.ModificacionPinTestCliente" name="actualizaSinDatos" time="0.174"/>
  <system-out/>
  <testcase classname="valuesite.tests.ModificacionPinTestCliente" name="actualizaConCaracteresEspeciales" time="2.202"/>
  <system-out/>
  <testcase classname="valuesite.tests.ModificacionPinTestCliente" name="limpiaCampo" time="0.224"/>
  <system-out/>
  <testcase classname="valuesite.tests.ModificacionPinTestCliente" name="ingresaCaracteresEspeciales" time="0.219"/>
  <system-out/>
</testsuite> <!-- valuesite.tests.ModificacionPinTestCliente -->
