<?xml version="1.0" encoding="UTF-8"?>
<!-- Generated by org.testng.reporters.JUnitReportReporter -->
<testsuite hostname="DESKTOP-22PJE9D" failures="0" tests="6" name="valuesite.tests.MantenedorAreaRT" time="27.108" errors="0" timestamp="2024-04-08T15:46:56 CLT" skipped="0">
  <testcase classname="valuesite.tests.MantenedorAreaRT" name="nombreObligatorioTest" time="0.113"/>
  <system-out/>
  <testcase classname="valuesite.tests.MantenedorAreaRT" name="creaAreaActivaTest" time="4.817"/>
  <system-out/>
  <testcase classname="valuesite.tests.MantenedorAreaRT" name="creaAreaInactivaTest" time="4.687"/>
  <system-out/>
  <testcase classname="valuesite.tests.MantenedorAreaRT" name="modificaAreaTest" time="6.593"/>
  <system-out/>
  <testcase classname="valuesite.tests.MantenedorAreaRT" name="filtroNombreAreaTest" time="2.576"/>
  <system-out/>
  <testcase classname="valuesite.tests.MantenedorAreaRT" name="filtroEstadoAreaTest" time="8.322"/>
  <system-out/>
</testsuite> <!-- valuesite.tests.MantenedorAreaRT -->
