<?xml version="1.0" encoding="UTF-8"?>
<!-- Generated by org.testng.reporters.JUnitReportReporter -->
<testsuite hostname="DESKTOP-LANAVE" failures="0" tests="8" name="valuesite.tests.MantenedorAreaTestCliente" time="62.498" errors="0" timestamp="2024-04-26T14:56:49 CLT" skipped="0">
  <testcase classname="valuesite.tests.MantenedorAreaTestCliente" name="nombreObligatorioTest" time="1.689"/>
  <system-out/>
  <testcase classname="valuesite.tests.MantenedorAreaTestCliente" name="clienteObligatorioTest" time="0.245"/>
  <system-out/>
  <testcase classname="valuesite.tests.MantenedorAreaTestCliente" name="creaAreaActivaTest" time="8.537"/>
  <system-out/>
  <testcase classname="valuesite.tests.MantenedorAreaTestCliente" name="creaAreaInactivaTest" time="11.754"/>
  <system-out/>
  <testcase classname="valuesite.tests.MantenedorAreaTestCliente" name="modificaAreaTest" time="19.275"/>
  <system-out/>
  <testcase classname="valuesite.tests.MantenedorAreaTestCliente" name="filtroNombreAreaTest" time="5.188"/>
  <system-out/>
  <testcase classname="valuesite.tests.MantenedorAreaTestCliente" name="filtroEstadoAreaTest" time="7.584"/>
  <system-out/>
  <testcase classname="valuesite.tests.MantenedorAreaTestCliente" name="selectClienteTest" time="8.226"/>
  <system-out/>
</testsuite> <!-- valuesite.tests.MantenedorAreaTestCliente -->
